2025-10-24T22:07:47.368+05:00  INFO 26076 --- [main] .n.o.AdditionalSecurityExpectationsTests : Starting AdditionalSecurityExpectationsTests using Java 21.0.8 with PID 26076 (started by FATIMA FAROOQ in C:\Users\FATIMA FAROOQ\OneDrive\Desktop\assignments\ssd\ass3\FATIMA\FATIMA\owasp-api-vuln-lab-assignment-03\owasp-api-vuln-lab)
2025-10-24T22:07:47.386+05:00  INFO 26076 --- [main] .n.o.AdditionalSecurityExpectationsTests : No active profile set, falling back to 1 default profile: "default"
2025-10-24T22:07:48.802+05:00  INFO 26076 --- [main] .s.d.r.c.RepositoryConfigurationDelegate : Bootstrapping Spring Data JPA repositories in DEFAULT mode.
2025-10-24T22:07:48.930+05:00  INFO 26076 --- [main] .s.d.r.c.RepositoryConfigurationDelegate : Finished Spring Data repository scanning in 101 ms. Found 2 JPA repository interfaces.
2025-10-24T22:07:49.875+05:00  INFO 26076 --- [main] o.hibernate.jpa.internal.util.LogHelper  : HHH000204: Processing PersistenceUnitInfo [name: default]
2025-10-24T22:07:50.037+05:00  INFO 26076 --- [main] org.hibernate.Version                    : HHH000412: Hibernate ORM core version 6.5.3.Final
2025-10-24T22:07:50.110+05:00  INFO 26076 --- [main] o.h.c.internal.RegionFactoryInitiator    : HHH000026: Second-level cache disabled
2025-10-24T22:07:50.699+05:00  INFO 26076 --- [main] o.s.o.j.p.SpringPersistenceUnitInfo      : No LoadTimeWeaver setup: ignoring JPA class transformer
2025-10-24T22:07:50.749+05:00  INFO 26076 --- [main] com.zaxxer.hikari.HikariDataSource       : HikariPool-1 - Starting...
2025-10-24T22:07:51.016+05:00  INFO 26076 --- [main] com.zaxxer.hikari.pool.HikariPool        : HikariPool-1 - Added connection conn0: url=jdbc:h2:mem:apilab user=SA
2025-10-24T22:07:51.016+05:00  INFO 26076 --- [main] com.zaxxer.hikari.HikariDataSource       : HikariPool-1 - Start completed.
2025-10-24T22:07:52.158+05:00  INFO 26076 --- [main] o.h.e.t.j.p.i.JtaPlatformInitiator       : HHH000489: No JTA platform available (set 'hibernate.transaction.jta.platform' to enable JTA platform integration)
2025-10-24T22:07:52.234+05:00  INFO 26076 --- [main] j.LocalContainerEntityManagerFactoryBean : Initialized JPA EntityManagerFactory for persistence unit 'default'
2025-10-24T22:07:52.769+05:00  INFO 26076 --- [main] o.s.d.j.r.query.QueryEnhancerFactory     : Hibernate is in classpath; If applicable, HQL parser will be used.
2025-10-24T22:07:53.492+05:00  WARN 26076 --- [main] JpaBaseConfiguration$JpaWebConfiguration : spring.jpa.open-in-view is enabled by default. Therefore, database queries may be performed during view rendering. Explicitly configure spring.jpa.open-in-view to disable this warning
2025-10-24T22:07:53.556+05:00  WARN 26076 --- [main] .s.s.UserDetailsServiceAutoConfiguration : 

Using generated security password: 45f930c7-c6f6-46f7-86df-eefdd5303e66

This generated password is for development use only. Your security configuration must be updated before running your application in production.

2025-10-24T22:07:53.567+05:00  INFO 26076 --- [main] r$InitializeUserDetailsManagerConfigurer : Global AuthenticationManager configured with UserDetailsService bean with name inMemoryUserDetailsManager
2025-10-24T22:07:54.468+05:00  INFO 26076 --- [main] o.s.b.a.h2.H2ConsoleAutoConfiguration    : H2 console available at '/h2-console'. Database available at 'jdbc:h2:mem:apilab'
2025-10-24T22:07:54.615+05:00  INFO 26076 --- [main] o.s.b.t.m.w.SpringBootMockServletContext : Initializing Spring TestDispatcherServlet ''
2025-10-24T22:07:54.615+05:00  INFO 26076 --- [main] o.s.t.web.servlet.TestDispatcherServlet  : Initializing Servlet ''
2025-10-24T22:07:54.616+05:00  INFO 26076 --- [main] o.s.t.web.servlet.TestDispatcherServlet  : Completed initialization in 0 ms
2025-10-24T22:07:54.649+05:00  INFO 26076 --- [main] .n.o.AdditionalSecurityExpectationsTests : Started AdditionalSecurityExpectationsTests in 7.749 seconds (process running for 10.093)
2025-10-24T22:07:56.615+05:00  INFO 26076 --- [main] t.c.s.AnnotationConfigContextLoaderUtils : Could not detect default configuration classes for test class [edu.nu.owaspapivulnlab.SecurityVerificationTests]: SecurityVerificationTests does not declare any static, non-private, non-final, nested classes annotated with @Configuration.
2025-10-24T22:07:56.616+05:00  INFO 26076 --- [main] .b.t.c.SpringBootTestContextBootstrapper : Found @SpringBootConfiguration edu.nu.owaspapivulnlab.OwaspApiVulnLabApplication for test class edu.nu.owaspapivulnlab.SecurityVerificationTests
2025-10-24T22:07:56.696+05:00  INFO 26076 --- [main] e.n.o.SecurityVerificationTests          : Starting SecurityVerificationTests using Java 21.0.8 with PID 26076 (started by FATIMA FAROOQ in C:\Users\FATIMA FAROOQ\OneDrive\Desktop\assignments\ssd\ass3\FATIMA\FATIMA\owasp-api-vuln-lab-assignment-03\owasp-api-vuln-lab)
2025-10-24T22:07:56.698+05:00  INFO 26076 --- [main] e.n.o.SecurityVerificationTests          : The following 1 profile is active: "test"
2025-10-24T22:07:56.999+05:00  INFO 26076 --- [main] .s.d.r.c.RepositoryConfigurationDelegate : Bootstrapping Spring Data JPA repositories in DEFAULT mode.
2025-10-24T22:07:57.015+05:00  INFO 26076 --- [main] .s.d.r.c.RepositoryConfigurationDelegate : Finished Spring Data repository scanning in 22 ms. Found 2 JPA repository interfaces.
2025-10-24T22:07:57.332+05:00  INFO 26076 --- [main] o.s.b.w.embedded.tomcat.TomcatWebServer  : Tomcat initialized with port 0 (http)
2025-10-24T22:07:57.365+05:00  INFO 26076 --- [main] o.apache.catalina.core.StandardService   : Starting service [Tomcat]
2025-10-24T22:07:57.365+05:00  INFO 26076 --- [main] o.apache.catalina.core.StandardEngine    : Starting Servlet engine: [Apache Tomcat/10.1.30]
2025-10-24T22:07:57.453+05:00  INFO 26076 --- [main] o.a.c.c.C.[Tomcat].[localhost].[/]       : Initializing Spring embedded WebApplicationContext
2025-10-24T22:07:57.453+05:00  INFO 26076 --- [main] w.s.c.ServletWebServerApplicationContext : Root WebApplicationContext: initialization completed in 754 ms
2025-10-24T22:07:57.498+05:00  INFO 26076 --- [main] com.zaxxer.hikari.HikariDataSource       : HikariPool-2 - Starting...
2025-10-24T22:07:57.501+05:00  INFO 26076 --- [main] com.zaxxer.hikari.pool.HikariPool        : HikariPool-2 - Added connection conn10: url=jdbc:h2:mem:apilab user=SA
2025-10-24T22:07:57.501+05:00  INFO 26076 --- [main] com.zaxxer.hikari.HikariDataSource       : HikariPool-2 - Start completed.
2025-10-24T22:07:57.501+05:00  INFO 26076 --- [main] o.s.b.a.h2.H2ConsoleAutoConfiguration    : H2 console available at '/h2-console'. Database available at 'jdbc:h2:mem:apilab'
2025-10-24T22:07:57.655+05:00  INFO 26076 --- [main] o.hibernate.jpa.internal.util.LogHelper  : HHH000204: Processing PersistenceUnitInfo [name: default]
2025-10-24T22:07:57.659+05:00  INFO 26076 --- [main] o.h.c.internal.RegionFactoryInitiator    : HHH000026: Second-level cache disabled
2025-10-24T22:07:57.676+05:00  INFO 26076 --- [main] o.s.o.j.p.SpringPersistenceUnitInfo      : No LoadTimeWeaver setup: ignoring JPA class transformer
2025-10-24T22:07:57.768+05:00  INFO 26076 --- [main] o.h.e.t.j.p.i.JtaPlatformInitiator       : HHH000489: No JTA platform available (set 'hibernate.transaction.jta.platform' to enable JTA platform integration)
2025-10-24T22:07:57.768+05:00  INFO 26076 --- [main] j.LocalContainerEntityManagerFactoryBean : Initialized JPA EntityManagerFactory for persistence unit 'default'
2025-10-24T22:07:57.832+05:00  WARN 26076 --- [main] JpaBaseConfiguration$JpaWebConfiguration : spring.jpa.open-in-view is enabled by default. Therefore, database queries may be performed during view rendering. Explicitly configure spring.jpa.open-in-view to disable this warning
2025-10-24T22:07:57.832+05:00  WARN 26076 --- [main] .s.s.UserDetailsServiceAutoConfiguration : 

Using generated security password: 46811a10-99fe-4d3f-b7ca-a84529fe7dc2

This generated password is for development use only. Your security configuration must be updated before running your application in production.

2025-10-24T22:07:57.832+05:00  INFO 26076 --- [main] r$InitializeUserDetailsManagerConfigurer : Global AuthenticationManager configured with UserDetailsService bean with name inMemoryUserDetailsManager
2025-10-24T22:07:58.273+05:00  INFO 26076 --- [main] o.s.b.w.embedded.tomcat.TomcatWebServer  : Tomcat started on port 50729 (http) with context path '/'
2025-10-24T22:07:58.277+05:00  INFO 26076 --- [main] e.n.o.SecurityVerificationTests          : Started SecurityVerificationTests in 1.655 seconds (process running for 13.72)
2025-10-24T22:07:58.388+05:00  INFO 26076 --- [http-nio-auto-1-exec-1] o.a.c.c.C.[Tomcat].[localhost].[/]       : Initializing Spring DispatcherServlet 'dispatcherServlet'
2025-10-24T22:07:58.389+05:00  INFO 26076 --- [http-nio-auto-1-exec-1] o.s.web.servlet.DispatcherServlet        : Initializing Servlet 'dispatcherServlet'
2025-10-24T22:07:58.389+05:00  INFO 26076 --- [http-nio-auto-1-exec-1] o.s.web.servlet.DispatcherServlet        : Completed initialization in 0 ms
2025-10-24T22:07:59.183+05:00  INFO 26076 --- [SpringApplicationShutdownHook] j.LocalContainerEntityManagerFactoryBean : Closing JPA EntityManagerFactory for persistence unit 'default'
2025-10-24T22:07:59.186+05:00  INFO 26076 --- [SpringApplicationShutdownHook] com.zaxxer.hikari.HikariDataSource       : HikariPool-1 - Shutdown initiated...
2025-10-24T22:07:59.193+05:00  INFO 26076 --- [SpringApplicationShutdownHook] com.zaxxer.hikari.HikariDataSource       : HikariPool-1 - Shutdown completed.
2025-10-24T22:07:59.223+05:00  INFO 26076 --- [SpringApplicationShutdownHook] j.LocalContainerEntityManagerFactoryBean : Closing JPA EntityManagerFactory for persistence unit 'default'
2025-10-24T22:07:59.225+05:00  INFO 26076 --- [SpringApplicationShutdownHook] com.zaxxer.hikari.HikariDataSource       : HikariPool-2 - Shutdown initiated...
2025-10-24T22:07:59.228+05:00  INFO 26076 --- [SpringApplicationShutdownHook] com.zaxxer.hikari.HikariDataSource       : HikariPool-2 - Shutdown completed.
